Arguments: 
  C:\Program Files\nodejs\node.exe C:\Program Files (x86)\Yarn\bin\yarn.js dev

PATH: 
  C:\Windows\system32;C:\Windows;C:\Windows\System32\Wbem;C:\Windows\System32\WindowsPowerShell\v1.0\;C:\Windows\System32\OpenSSH\;C:\Program Files\nodejs\;C:\Program Files (x86)\Yarn\bin\;C:\Program Files\Git\cmd;C:\Users\NguyenTrungLang\AppData\Local\Microsoft\WindowsApps;;C:\Users\NguyenTrungLang\AppData\Local\Programs\Microsoft VS Code\bin;C:\Users\NguyenTrungLang\AppData\Roaming\npm;C:\Users\NguyenTrungLang\AppData\Local\Yarn\bin;D:\heroku\bin

Yarn version: 
  1.18.0-20190724.1302

Node version: 
  12.7.0

Platform: 
  win32 x64

Trace: 
  SyntaxError: C:\Users\NguyenTrungLang\Desktop\simple-sso-master\simple-sso-master\sso-consumer\package.json: Unexpected token } in JSON at position 210
      at JSON.parse (<anonymous>)
      at C:\Program Files (x86)\Yarn\lib\cli.js:1625:59
      at Generator.next (<anonymous>)
      at step (C:\Program Files (x86)\Yarn\lib\cli.js:304:30)
      at C:\Program Files (x86)\Yarn\lib\cli.js:315:13

npm manifest: 
  {
    "name": "sso-consumerone",
    "version": "1.0.0",
    "description": "",
    "main": "index.js",
    "scripts": {
      "test": "echo \"Error: no test specified\" && exit 1",
      "dev": "react-app-rewired start",
    },
    "author": "Ankur Anand",
    "license": "ISC",
    "dependencies": {
      "axios": "^0.18.0",
      "ejs": "^2.6.1",
      "ejs-mate": "^2.3.0",
      "express": "^4.16.3",
      "express-session": "^1.15.6",
      "jsonwebtoken": "^8.3.0",
      "morgan": "^1.9.0"
    }
  }

yarn manifest: 
  No manifest

Lockfile: 
  No lockfile
